{"logTime": "1223/061526", "correlationVector":"F4MoyjwgBM1wp4RID4vV2/","action":"EXTENSION_UPDATER", "result":""}
{"logTime": "1223/061526", "correlationVector":"F82CB5A18EF94353BEA404725E16F96C","action":"FETCH_UX_CONFIG", "result":""}
{"logTime": "1223/071526", "correlationVector":"175YeeBk5N3x+zvF5NpGBU","action":"EXTENSION_UPDATER", "result":""}
{"logTime": "1223/071526", "correlationVector":"FA35469991624264AE6425E300A58248","action":"FETCH_UX_CONFIG", "result":""}
{"logTime": "1223/172900", "correlationVector":"cDZJgn049DZZhyguBGJShs","action":"EXTENSION_UPDATER", "result":""}
{"logTime": "1223/172902", "correlationVector":"biWUbdysrLYQwrz/oeP7IV","action":"EXTENSION_UPDATER", "result":""}
{"logTime": "1223/172903", "correlationVector":"43CCEF89785044EAAEA3E02607ACBA42","action":"FETCH_UX_CONFIG", "result":""}
{"logTime": "1223/182901", "correlationVector":"tfVLaI1JcT47YIauz7ypBE","action":"EXTENSION_UPDATER", "result":""}
{"logTime": "1223/182901", "correlationVector":"166DEA73694D484091D1FAE023BF0215","action":"FETCH_UX_CONFIG", "result":""}
{"logTime": "1224/042336", "correlationVector":"8R/A8Cj+TPd8BmgbnHqdXf","action":"EXTENSION_UPDATER", "result":""}
{"logTime": "1224/042338", "correlationVector":"aYCrC53ZHq97idDo5reeK5","action":"EXTENSION_UPDATER", "result":""}
{"logTime": "1224/063923", "correlationVector":"39150AE4395544D1A7144CD257BFEF3E","action":"FETCH_UX_CONFIG", "result":""}
{"logTime": "1225/065828", "correlationVector":"p4/T4jpsFMdozaSjF/bQSL","action":"EXTENSION_UPDATER", "result":""}
{"logTime": "1225/065831", "correlationVector":"EVGrNEe2Xk0eYQQoc2YK29","action":"EXTENSION_UPDATER", "result":""}
{"logTime": "1225/075828", "correlationVector":"6408728946084317AA682CFD17BE8C81","action":"FETCH_UX_CONFIG", "result":""}
{"logTime": "1226/164936", "correlationVector":"th91M/GwDBgAm4gi8AC7BT","action":"EXTENSION_UPDATER", "result":""}
{"logTime": "1226/164939", "correlationVector":"tQOLJKkOvqRJ2+KGQFJwG6","action":"EXTENSION_UPDATER", "result":""}
{"logTime": "1226/164944", "correlationVector":"b/ZQtXOh12ilUYx1Pf+AKj","action":"EXTENSION_UPDATER", "result":""}
{"logTime": "1226/172655", "correlationVector":"sn4ItwhvQJep06z/P+Y3ua","action":"EXTENSION_UPDATER", "result":""}
{"logTime": "1226/172655", "correlationVector":"6CC6481A91D14D1EB6F9966F3C006527","action":"FETCH_UX_CONFIG", "result":""}
{"logTime": "1227/051139", "correlationVector":"DdCOnTbnJ+kVP+oC2h4gC2","action":"EXTENSION_UPDATER", "result":""}
{"logTime": "1227/051141", "correlationVector":"cZ/o5P9af7DeZ6xG6Wu9Tl","action":"EXTENSION_UPDATER", "result":""}
{"logTime": "1227/052001", "correlationVector":"BNwHHvAS5/V1HDNKlT17l2","action":"EXTENSION_UPDATER", "result":""}
{"logTime": "1227/052001", "correlationVector":"51CBB175D71F47CE89D2F101F80E6A5A","action":"FETCH_UX_CONFIG", "result":""}
{"logTime": "1227/074757", "correlationVector":"UpM09/wxsClZh+9rWEtBvL","action":"EXTENSION_UPDATER", "result":""}
{"logTime": "1227/074757", "correlationVector":"BE960F8A06D840D4B6A745A6D381630E","action":"FETCH_UX_CONFIG", "result":""}
{"logTime": "1227/092321", "correlationVector":"kyBguG+qZ0QofrnYKS1+hY","action":"EXTENSION_UPDATER", "result":""}
{"logTime": "1227/092322", "correlationVector":"14B7AE5663354231ACC3B3FF020340D5","action":"FETCH_UX_CONFIG", "result":""}
{"logTime": "1227/102321", "correlationVector":"465BFEB3684A4AA782C0396C8622E95F","action":"FETCH_UX_CONFIG", "result":""}
{"logTime": "1227/115228", "correlationVector":"ZLdBST00qiKdA7xxIazQeZ","action":"EXTENSION_UPDATER", "result":""}
{"logTime": "1227/115228", "correlationVector":"74B000FE4DDC4983871991FE332DB937","action":"FETCH_UX_CONFIG", "result":""}
{"logTime": "1227/115315", "correlationVector":"5nVB+L+sV4lxE6wvy7REAA","action":"EXTENSION_UPDATER", "result":""}
{"logTime": "1227/115315", "correlationVector":"0C6B87734EE34C2FBCA703BFEF90B4A7","action":"FETCH_UX_CONFIG", "result":""}
{"logTime": "1227/134147", "correlationVector":"35AA40EFF4064B4F968749B02DCD7D17","action":"FETCH_UX_CONFIG", "result":""}
{"logTime": "1227/144146", "correlationVector":"29BF9E716DB94251A4CE5B60E8F4415C","action":"FETCH_UX_CONFIG", "result":""}
{"logTime": "1227/154146", "correlationVector":"366A4597C73E4DB5A2C598EE7CD6072C","action":"FETCH_UX_CONFIG", "result":""}
{"logTime": "1227/173344", "correlationVector":"FTY3nmV6o9l9WJ6fYaOlHB","action":"EXTENSION_UPDATER", "result":""}
{"logTime": "1227/173345", "correlationVector":"66B461046DA94C15A093B3762CD0D845","action":"FETCH_UX_CONFIG", "result":""}
{"logTime": "1227/183344", "correlationVector":"D32E38476D1643B6BEA7C4DC8A56E590","action":"FETCH_UX_CONFIG", "result":""}
{"logTime": "1228/040006", "correlationVector":"ZtdB4rUoamChIbd1LBYvnB","action":"EXTENSION_UPDATER", "result":""}
{"logTime": "1228/040007", "correlationVector":"F4CB9FCCD71B49B7AD273FA0F1447237","action":"FETCH_UX_CONFIG", "result":""}
{"logTime": "1228/050006", "correlationVector":"4C8D88640FFC4AAEB11BF957DE21F676","action":"FETCH_UX_CONFIG", "result":""}
{"logTime": "1228/060006", "correlationVector":"499029157AD64193BA655E2CDA8085E9","action":"FETCH_UX_CONFIG", "result":""}
{"logTime": "1228/070006", "correlationVector":"A575230994174BE7904A2ED94420E4DE","action":"FETCH_UX_CONFIG", "result":""}
{"logTime": "1228/080007", "correlationVector":"5D6375E5B0FD4FC687793BD2629B21DD","action":"FETCH_UX_CONFIG", "result":""}
{"logTime": "1228/090006", "correlationVector":"970EBE71DA234481AC5BE70721D152D4","action":"FETCH_UX_CONFIG", "result":""}
{"logTime": "1228/091014", "correlationVector":"sVUvrTiq/LZqK142MtwK8s","action":"EXTENSION_UPDATER", "result":""}
{"logTime": "1228/104340", "correlationVector":"39FBF45D545C4499A9271E5B5FCF67A3","action":"FETCH_UX_CONFIG", "result":""}
{"logTime": "1228/114339", "correlationVector":"A2F58F8353D9449CA3046C50E5EB153B","action":"FETCH_UX_CONFIG", "result":""}
{"logTime": "1228/124340", "correlationVector":"2EC34A802D1645A88489BA6831A02B87","action":"FETCH_UX_CONFIG", "result":""}
{"logTime": "1228/134340", "correlationVector":"210C4ED702204B95BDC58EF59190B64C","action":"FETCH_UX_CONFIG", "result":""}
{"logTime": "1228/142832", "correlationVector":"bq//wjZzzavUG8syFBobHV","action":"EXTENSION_UPDATER", "result":""}
{"logTime": "1228/144339", "correlationVector":"005A443B1F8C435FB2E6A0750E8EA7D1","action":"FETCH_UX_CONFIG", "result":""}
{"logTime": "1228/172749", "correlationVector":"B262C58492EC47E8A2FE322B90F4B768","action":"FETCH_UX_CONFIG", "result":""}
{"logTime": "1229/022721", "correlationVector":"ijkGtjrCRKkuOCDw7RXsJ0","action":"EXTENSION_UPDATER", "result":""}
{"logTime": "1229/022724", "correlationVector":"bExWttKeLmpqh5E320/4sO","action":"EXTENSION_UPDATER", "result":""}
{"logTime": "1229/072510", "correlationVector":"wJRlIw7fEk6qZZjTVm+0+W","action":"EXTENSION_UPDATER", "result":""}
{"logTime": "1229/074434", "correlationVector":"0iSkkePVVxmsY1xZKXnBJw","action":"EXTENSION_UPDATER", "result":""}
{"logTime": "1229/074434", "correlationVector":"577E802FD49642DDA16681BE5042D7E9","action":"FETCH_UX_CONFIG", "result":""}
{"logTime": "1229/084433", "correlationVector":"4322FC0C303146D0AC586D32BBDEE3EF","action":"FETCH_UX_CONFIG", "result":""}
{"logTime": "1229/094433", "correlationVector":"1A0EA8AA106646CE93BF82AAD64A1164","action":"FETCH_UX_CONFIG", "result":""}
{"logTime": "1229/104434", "correlationVector":"CAD8330E303448509C8AF51BC934F97B","action":"FETCH_UX_CONFIG", "result":""}
{"logTime": "1229/114434", "correlationVector":"5980908197254179BBBBC15145AF2BB7","action":"FETCH_UX_CONFIG", "result":""}
{"logTime": "1229/120448", "correlationVector":"/2how3UYrRCOmHDr37ZGGa","action":"EXTENSION_UPDATER", "result":""}
{"logTime": "1229/152619", "correlationVector":"C48E001D060A4C098DF9A99B193D54A1","action":"FETCH_UX_CONFIG", "result":""}
{"logTime": "1229/162506", "correlationVector":"NUMDAz6LQv0Mg+rE73G7EM","action":"EXTENSION_UPDATER", "result":""}
{"logTime": "1229/162619", "correlationVector":"75169CC2F01F4593AE8247D8DF4098A8","action":"FETCH_UX_CONFIG", "result":""}
{"logTime": "1229/172619", "correlationVector":"D9E18A68CBC34B3CA6B8296BAE678970","action":"FETCH_UX_CONFIG", "result":""}
{"logTime": "1229/182619", "correlationVector":"D229CE0E82D44E15818E18035FDCAE78","action":"FETCH_UX_CONFIG", "result":""}
{"logTime": "1229/192619", "correlationVector":"EBB1F14AF7C2476AA4F122ABDC3C9275","action":"FETCH_UX_CONFIG", "result":""}
{"logTime": "1229/202619", "correlationVector":"DB1BE569D02A4EC7908A6BFB0F03BA09","action":"FETCH_UX_CONFIG", "result":""}
{"logTime": "1229/210453", "correlationVector":"Mmg+ZnnCxnhFysbCB04c2i","action":"EXTENSION_UPDATER", "result":""}
{"logTime": "1229/212619", "correlationVector":"9997D0D120454F28A09ABE0E26640E09","action":"FETCH_UX_CONFIG", "result":""}
{"logTime": "1229/222619", "correlationVector":"8DE5C120A9A64F1C8A829A77DD176943","action":"FETCH_UX_CONFIG", "result":""}
{"logTime": "1230/060923", "correlationVector":"aRtTOTzQuKl2EqoWANNXJ5","action":"EXTENSION_UPDATER", "result":""}
{"logTime": "1230/060925", "correlationVector":"7vqxltETrCPE/giBa/dW3w","action":"EXTENSION_UPDATER", "result":""}
{"logTime": "1230/070915", "correlationVector":"6DED3F6031304A5EB3E24A9CF84DA7D8","action":"FETCH_UX_CONFIG", "result":""}
{"logTime": "1230/080915", "correlationVector":"7460F5F7E5384173B6536DEE637462DE","action":"FETCH_UX_CONFIG", "result":""}
{"logTime": "1230/090915", "correlationVector":"8CF7ECFB9E02460EBABEE26C89736F77","action":"FETCH_UX_CONFIG", "result":""}
{"logTime": "1230/123528", "correlationVector":"VhHkJNxdK/mB0mrPKqiEq3","action":"EXTENSION_UPDATER", "result":""}
{"logTime": "1230/123529", "correlationVector":"B1ED7844D96C4225923C564E80E123CA","action":"FETCH_UX_CONFIG", "result":""}
{"logTime": "1230/133528", "correlationVector":"ACF3E57B5AB844DCB6B67D9562844BAB","action":"FETCH_UX_CONFIG", "result":""}
{"logTime": "1230/143528", "correlationVector":"2FA3FDD94AA34BCE8CA262488128F995","action":"FETCH_UX_CONFIG", "result":""}
{"logTime": "1230/153528", "correlationVector":"E1EFFD976833472998775DEBFF7E77F6","action":"FETCH_UX_CONFIG", "result":""}
{"logTime": "1230/165539", "correlationVector":"0ACB086D7C704511B487593B28ECEAF9","action":"FETCH_UX_CONFIG", "result":""}
{"logTime": "1230/171042", "correlationVector":"lBWz4/RcInnLbht3Yz5UCR","action":"EXTENSION_UPDATER", "result":""}
{"logTime": "1230/175538", "correlationVector":"C4B4FC2116524B648C5092E71752F5B6","action":"FETCH_UX_CONFIG", "result":""}
{"logTime": "1230/185538", "correlationVector":"74DE08885A544E8ABAE1C55C93C1BFF9","action":"FETCH_UX_CONFIG", "result":""}
{"logTime": "1230/195538", "correlationVector":"1CCAC0EACE6144FEB293823DEE89D71E","action":"FETCH_UX_CONFIG", "result":""}
{"logTime": "1230/205538", "correlationVector":"48F4E92244E744A68D46E1EB5EE9C4D8","action":"FETCH_UX_CONFIG", "result":""}
{"logTime": "1231/063915", "correlationVector":"Cs83G0JuqZmpI3NiUPoiv6","action":"EXTENSION_UPDATER", "result":""}
{"logTime": "1231/063917", "correlationVector":"foyIdlWWyt7A3Wlkqox9sx","action":"EXTENSION_UPDATER", "result":""}
{"logTime": "1231/073914", "correlationVector":"CB3F207692C84772BEBD525B40038CE2","action":"FETCH_UX_CONFIG", "result":""}
{"logTime": "1231/083914", "correlationVector":"1156A686833448ABB9CA4EFF8B44B3F8","action":"FETCH_UX_CONFIG", "result":""}
{"logTime": "1231/093917", "correlationVector":"9A877BEEC8F744C88F0DA8CA92A91E03","action":"FETCH_UX_CONFIG", "result":""}
{"logTime": "1231/170402", "correlationVector":"YGJW/7VY4MLFDxhnfgQ8aK","action":"EXTENSION_UPDATER", "result":""}
{"logTime": "1231/170410", "correlationVector":"3C91F177C1FF4363894C5E9C3A9EE490","action":"FETCH_UX_CONFIG", "result":""}
{"logTime": "0101/055329", "correlationVector":"oxBxpE2OO/vRXx4t4u0tAd","action":"EXTENSION_UPDATER", "result":""}
{"logTime": "0101/055330", "correlationVector":"12D574F68C874EF8B45865DB063ABD1A","action":"FETCH_UX_CONFIG", "result":""}
{"logTime": "0101/065329", "correlationVector":"0011D0EB49C54449A83D513AA128662D","action":"FETCH_UX_CONFIG", "result":""}
{"logTime": "0101/075330", "correlationVector":"88431DB0F3EA4799ABD25B54A3AC719B","action":"FETCH_UX_CONFIG", "result":""}
{"logTime": "0101/085329", "correlationVector":"C1EF639FAFF94817A5402114854CAFBF","action":"FETCH_UX_CONFIG", "result":""}
{"logTime": "0101/122541", "correlationVector":"NG2uBPf25g4XSa9EeGesrj","action":"EXTENSION_UPDATER", "result":""}
{"logTime": "0101/122543", "correlationVector":"TwJM/nb5/QUrLaaJ/Lf0DW","action":"EXTENSION_UPDATER", "result":""}
{"logTime": "0101/122547", "correlationVector":"UO8dUJ4a6FSuavNx1q6RN5","action":"EXTENSION_UPDATER", "result":""}
{"logTime": "0101/132541", "correlationVector":"E3D8CD34AF844D3A961C35F44D580E97","action":"FETCH_UX_CONFIG", "result":""}
{"logTime": "0101/142541", "correlationVector":"5E4FA25BFB8D45429C5255DA363CC345","action":"FETCH_UX_CONFIG", "result":""}
{"logTime": "0101/180731", "correlationVector":"XfMITrYTNVFi6B5LRwPn4y","action":"EXTENSION_UPDATER", "result":""}
{"logTime": "0101/182401", "correlationVector":"D6BC88A72F754F6799301BC4C76B2D14","action":"FETCH_UX_CONFIG", "result":""}
{"logTime": "0101/192401", "correlationVector":"C3B0AFC7C5494DCBA5CBA367B0002524","action":"FETCH_UX_CONFIG", "result":""}
{"logTime": "0102/054544", "correlationVector":"pg5XMKfon+/8lyvDD3ugj8","action":"EXTENSION_UPDATER", "result":""}
{"logTime": "0102/054545", "correlationVector":"kFmoNyOQZI747ze2Au5Dm3","action":"EXTENSION_UPDATER", "result":""}
{"logTime": "0102/064543", "correlationVector":"DCFE196EF8254851A0BAEE0246C2CAFB","action":"FETCH_UX_CONFIG", "result":""}
{"logTime": "0102/074543", "correlationVector":"B431E20637AD488A9D78D848A246117D","action":"FETCH_UX_CONFIG", "result":""}
{"logTime": "0102/084543", "correlationVector":"6A543C66C42F427199084A80C0CF80EC","action":"FETCH_UX_CONFIG", "result":""}
{"logTime": "0102/141225", "correlationVector":"9WIdw0IUff/V6IfYBhd32a","action":"EXTENSION_UPDATER", "result":""}
{"logTime": "0102/141227", "correlationVector":"32v0qjKgthzn2hgaf3AD7H","action":"EXTENSION_UPDATER", "result":""}
{"logTime": "0102/151226", "correlationVector":"HcxWUeqTIGUHYjVRgrGoYz","action":"EXTENSION_UPDATER", "result":""}
{"logTime": "0102/151226", "correlationVector":"75456778142E4D2DAE6DE77BC1F4E474","action":"FETCH_UX_CONFIG", "result":""}
{"logTime": "0102/162439", "correlationVector":"F47DE97728AF4EDCBBBBAE6079FB6C6B","action":"FETCH_UX_CONFIG", "result":""}
{"logTime": "0102/172429", "correlationVector":"0C6D5C12DB5C40138F91757C3178498B","action":"FETCH_UX_CONFIG", "result":""}
{"logTime": "0102/182429", "correlationVector":"398885563AD4440E8B1E98053F3A4FB5","action":"FETCH_UX_CONFIG", "result":""}
{"logTime": "0102/192429", "correlationVector":"B906465098FD4461AB822A1081603115","action":"FETCH_UX_CONFIG", "result":""}
{"logTime": "0103/102859", "correlationVector":"kL8gFMBhDgfGqFaufIKEl3","action":"EXTENSION_UPDATER", "result":""}
{"logTime": "0103/102901", "correlationVector":"IXWSj48npn9UVWnrxIx2xw","action":"EXTENSION_UPDATER", "result":""}
{"logTime": "0103/112856", "correlationVector":"W6AzrQIGUemjkf3O47Igcc","action":"EXTENSION_UPDATER", "result":""}
{"logTime": "0103/112856", "correlationVector":"DD77925740F14F35AD6A0C965218DE55","action":"FETCH_UX_CONFIG", "result":""}
{"logTime": "0108/163120", "correlationVector":"2781152E35134C5DB0C2873691BD0806","action":"FETCH_UX_CONFIG", "result":""}
{"logTime": "0108/163120", "correlationVector":"sKooil4gZ6HCRz4L5+eg4F","action":"EXTENSION_UPDATER", "result":""}
{"logTime": "0108/163124", "correlationVector":"P8YTrRgAV37b8rifrfgkGw","action":"EXTENSION_UPDATER", "result":""}
{"logTime": "0108/163124", "correlationVector":"67C41E87CAA34143B1F981D65D67141C","action":"FETCH_UX_CONFIG", "result":""}
{"logTime": "0108/173124", "correlationVector":"0980854D5FB048E4A65B6B2693D46C79","action":"FETCH_UX_CONFIG", "result":""}
{"logTime": "0108/183124", "correlationVector":"9F1DD90539F14005BEE483DCB2428DF2","action":"FETCH_UX_CONFIG", "result":""}
{"logTime": "0108/193124", "correlationVector":"1B35DA3D86FB42A18414CEAC754DF2EA","action":"FETCH_UX_CONFIG", "result":""}
{"logTime": "0109/075056", "correlationVector":"7Bw0wIHCdfbE9OuHqunFzf","action":"EXTENSION_UPDATER", "result":""}
{"logTime": "0109/075059", "correlationVector":"QPqwLWJNjIl+4b2mRo5Nao","action":"EXTENSION_UPDATER", "result":""}
{"logTime": "0109/085056", "correlationVector":"SGvkk+CfjgK1rIDxCJ4ocP","action":"EXTENSION_UPDATER", "result":""}
{"logTime": "0109/085056", "correlationVector":"E368E03163AD44A8A2E652941945ADC7","action":"FETCH_UX_CONFIG", "result":""}
{"logTime": "0109/095055", "correlationVector":"5674A9717351475B8C2D3B3174B2694F","action":"FETCH_UX_CONFIG", "result":""}
{"logTime": "0109/105056", "correlationVector":"2339CB3A80E14428824865A94CE8A495","action":"FETCH_UX_CONFIG", "result":""}
{"logTime": "0109/115056", "correlationVector":"483EDB2C8AE547FEA4A829790CEED74B","action":"FETCH_UX_CONFIG", "result":""}
{"logTime": "0109/125056", "correlationVector":"50BB1434D34948AC96FEA72FFFD1BC67","action":"FETCH_UX_CONFIG", "result":""}
{"logTime": "0110/173322", "correlationVector":"HpSrBOLlBxETFwSIrzlUzh","action":"EXTENSION_UPDATER", "result":""}
{"logTime": "0110/173323", "correlationVector":"X9TBxUeRZ8dz7Hx7oehkAi","action":"EXTENSION_UPDATER", "result":""}
{"logTime": "0110/173328", "correlationVector":"YBpdH9ZZeq3QughdceKP5h","action":"EXTENSION_UPDATER", "result":""}
{"logTime": "0111/070021", "correlationVector":"3d2lkCgkS6QcH/ocYqZIQP","action":"EXTENSION_UPDATER", "result":""}
{"logTime": "0111/070021", "correlationVector":"503B54A5D1924D1FBF399AB5B9FF67FD","action":"FETCH_UX_CONFIG", "result":""}
{"logTime": "0111/080018", "correlationVector":"JuDk01dLm8aRZ28donJmWM","action":"EXTENSION_UPDATER", "result":""}
{"logTime": "0111/080019", "correlationVector":"73B2052F272F4619B46D97663FEAD389","action":"FETCH_UX_CONFIG", "result":""}
{"logTime": "0111/171712", "correlationVector":"wNV5xOx7GZOEkNBuWo4LOn","action":"EXTENSION_UPDATER", "result":""}
{"logTime": "0111/171715", "correlationVector":"hZeb4DhQeQazrMzU4lE8JN","action":"EXTENSION_UPDATER", "result":""}
{"logTime": "0111/171720", "correlationVector":"Zwfjq/WhKfGF0+yiOCX79S","action":"EXTENSION_UPDATER", "result":""}
{"logTime": "0111/180639", "correlationVector":"lExz7skiR/XBUxh0lIs+QT","action":"EXTENSION_UPDATER", "result":""}
{"logTime": "0111/180639", "correlationVector":"0D3BFEE9DA73401482C988A4900A66DF","action":"FETCH_UX_CONFIG", "result":""}
{"logTime": "0111/190639", "correlationVector":"18E61699DE6745FE8AFF3820157D8F88","action":"FETCH_UX_CONFIG", "result":""}
{"logTime": "0111/200639", "correlationVector":"BCE6E6ECFFDE4D67B1BF86707D24CE6A","action":"FETCH_UX_CONFIG", "result":""}
{"logTime": "0112/073411", "correlationVector":"gDILNalZOEhdH7z/KYfatX","action":"EXTENSION_UPDATER", "result":""}
{"logTime": "0112/073414", "correlationVector":"4rZqIZgHfQ00Qrx2aV6QHX","action":"EXTENSION_UPDATER", "result":""}
{"logTime": "0112/141538", "correlationVector":"orxH9PbxqquCoHAsYEL82K","action":"EXTENSION_UPDATER", "result":""}
{"logTime": "0112/141540", "correlationVector":"KNyRHOiTxd0OgPwH8k5pXl","action":"EXTENSION_UPDATER", "result":""}
{"logTime": "0112/141542", "correlationVector":"GQy0P1r0NA62e+1TxiIosT","action":"EXTENSION_UPDATER", "result":""}
{"logTime": "0112/141546", "correlationVector":"BW+7d0CsYlJkFk8I8gY9gg","action":"EXTENSION_UPDATER", "result":""}
{"logTime": "0112/151540", "correlationVector":"A8B34F924C4A4031A3E7F351BE33E3E4","action":"FETCH_UX_CONFIG", "result":""}
{"logTime": "0112/185808", "correlationVector":"3DE57DFA5BC946BEB4E3C7B914D6FF29","action":"FETCH_UX_CONFIG", "result":""}
{"logTime": "0112/192902", "correlationVector":"ajZFLPhuPFcdaQ43bV6qzJ","action":"EXTENSION_UPDATER", "result":""}
{"logTime": "0112/195808", "correlationVector":"D84FCC7D5DF14C388F96F9877DC8D878","action":"FETCH_UX_CONFIG", "result":""}
{"logTime": "0113/061203", "correlationVector":"V27eyINxYPBf7WZ4IOll6A","action":"EXTENSION_UPDATER", "result":""}
{"logTime": "0113/061205", "correlationVector":"tFycYkA9f8HW+Bs0Y9CDYT","action":"EXTENSION_UPDATER", "result":""}
{"logTime": "0113/061209", "correlationVector":"X17AR7s+38TQcOG3bS711Q","action":"EXTENSION_UPDATER", "result":""}
{"logTime": "0113/071203", "correlationVector":"uID3ZQM+InpPKgLfM9axtM","action":"EXTENSION_UPDATER", "result":""}
{"logTime": "0113/071204", "correlationVector":"17D6FC7BE73447DCA51B88B122D4C6A3","action":"FETCH_UX_CONFIG", "result":""}
{"logTime": "0113/081204", "correlationVector":"816BF994C3564C4488E0E6EA48D05568","action":"FETCH_UX_CONFIG", "result":""}
{"logTime": "0113/091204", "correlationVector":"55BA1D4B3F5344ADA9A943CD1A9BD165","action":"FETCH_UX_CONFIG", "result":""}
{"logTime": "0113/110413", "correlationVector":"A8D13050497C43B284F8F4FF3482E62C","action":"FETCH_UX_CONFIG", "result":""}
{"logTime": "0113/131134", "correlationVector":"PbjLX7kv1ANFo9RssL/w/d","action":"EXTENSION_UPDATER", "result":""}
{"logTime": "0113/131137", "correlationVector":"89B4FCBD16E24776906AAAB9F65E029C","action":"FETCH_UX_CONFIG", "result":""}
{"logTime": "0115/055302", "correlationVector":"ZlFJp+zIFNzVR6JMGmXw97","action":"EXTENSION_UPDATER", "result":""}
{"logTime": "0115/055311", "correlationVector":"XIewnRDu3GCtwUtyzffz9x","action":"EXTENSION_UPDATER", "result":""}
{"logTime": "0115/055311", "correlationVector":"wRd2HornZ+zcBxwgkfEzn7","action":"EXTENSION_UPDATER", "result":""}
{"logTime": "0115/055312", "correlationVector":"IruQ12BC1VFfMRouCGcWVj","action":"EXTENSION_UPDATER", "result":""}
{"logTime": "0115/072349", "correlationVector":"Od4Wa/DV7kRle3u8BZBuyN","action":"EXTENSION_UPDATER", "result":""}
{"logTime": "0115/072350", "correlationVector":"C9805501252A41A482ABE0ABA4CA057B","action":"FETCH_UX_CONFIG", "result":""}
{"logTime": "0115/082348", "correlationVector":"065AC12E18C345E2A4B5A46C6A7A0E0C","action":"FETCH_UX_CONFIG", "result":""}
{"logTime": "0115/092515", "correlationVector":"024296651CAD494C8ACCB29956277304","action":"FETCH_UX_CONFIG", "result":""}
{"logTime": "0115/102513", "correlationVector":"6A56FD33B37942ABB75A0173CD997223","action":"FETCH_UX_CONFIG", "result":""}
{"logTime": "0115/125446", "correlationVector":"TV0hvHd/9TJmsgwNTpXxTK","action":"EXTENSION_UPDATER", "result":""}
{"logTime": "0115/125449", "correlationVector":"2ch52VFJsbjBc5mC+mGxzl","action":"EXTENSION_UPDATER", "result":""}
{"logTime": "0115/135446", "correlationVector":"B1E3235926BD4E18A138A89E14B43611","action":"FETCH_UX_CONFIG", "result":""}
{"logTime": "0115/145446", "correlationVector":"6619E8DF60934B0DBA131C140F4D9959","action":"FETCH_UX_CONFIG", "result":""}
{"logTime": "0115/155446", "correlationVector":"0B8726D5DA0D4342A27BEDB713D8746F","action":"FETCH_UX_CONFIG", "result":""}
{"logTime": "0115/165446", "correlationVector":"4C64D1D00A344B7BBF80C2DC53B7B2EB","action":"FETCH_UX_CONFIG", "result":""}
{"logTime": "0116/065025", "correlationVector":"onaMdD6F0j6fDdx9BXvi0I","action":"EXTENSION_UPDATER", "result":""}
{"logTime": "0116/065028", "correlationVector":"lRLeZ9k0BZGbS6/IGGg19v","action":"EXTENSION_UPDATER", "result":""}
{"logTime": "0116/065034", "correlationVector":"8Mncohg0sHGRnLPAYSaRZE","action":"EXTENSION_UPDATER", "result":""}
{"logTime": "0116/092800", "correlationVector":"NDL+Wfnquq/hnacs0cvaMe","action":"EXTENSION_UPDATER", "result":""}
{"logTime": "0116/092801", "correlationVector":"T6Mxk73W7rdUzlYypPEIMP","action":"EXTENSION_UPDATER", "result":""}
{"logTime": "0116/092805", "correlationVector":"R3qYiNdX7kRQjEM5xtz2Hq","action":"EXTENSION_UPDATER", "result":""}
{"logTime": "0116/102759", "correlationVector":"DCB6BC83F39F4A25897FB059AF4AB3DD","action":"FETCH_UX_CONFIG", "result":""}
{"logTime": "0116/130404", "correlationVector":"9A560F6F9DDD4D91B089F7D535531A36","action":"FETCH_UX_CONFIG", "result":""}
{"logTime": "0116/135622", "correlationVector":"q6Ng4MXPqhIVJxILz2VBtV","action":"EXTENSION_UPDATER", "result":""}
{"logTime": "0116/140404", "correlationVector":"pTLsbQtqE0FMzcqi46H+YB","action":"EXTENSION_UPDATER", "result":""}
{"logTime": "0116/140404", "correlationVector":"BE5BA77B60A9465191C6D68ACE6448D1","action":"FETCH_UX_CONFIG", "result":""}
{"logTime": "0116/150404", "correlationVector":"8DF55858EB37400293A21B9191A12793","action":"FETCH_UX_CONFIG", "result":""}
{"logTime": "0116/160404", "correlationVector":"ABD9CAFE4EA44F60BAA753B33E479C40","action":"FETCH_UX_CONFIG", "result":""}
{"logTime": "0116/170404", "correlationVector":"789CC4C64479493B86FD83874E46CC0B","action":"FETCH_UX_CONFIG", "result":""}
{"logTime": "0116/180404", "correlationVector":"B3234D0040314D22A54822F09DC9A7B0","action":"FETCH_UX_CONFIG", "result":""}
{"logTime": "0116/183602", "correlationVector":"kNuh3/d1ITcLP82Ql/dlz5","action":"EXTENSION_UPDATER", "result":""}
{"logTime": "0116/190404", "correlationVector":"0B50D081A28D415CB707DD4D4E7CDBB1","action":"FETCH_UX_CONFIG", "result":""}
{"logTime": "0116/200404", "correlationVector":"318512BAF4ED4CBCBC4FBDDDAEB3A23E","action":"FETCH_UX_CONFIG", "result":""}
{"logTime": "0116/210937", "correlationVector":"DFBCB60E9B6A487B890D674E73FBC18C","action":"FETCH_UX_CONFIG", "result":""}
{"logTime": "0116/220940", "correlationVector":"77D0C9C394FB4DD1B7277106E531EF6D","action":"FETCH_UX_CONFIG", "result":""}
