[13060:13064:0117/190243.245:117062:VERBOSE1:trace_logging.cc(21)] Register TraceLogging provider
[13060:13064:0117/190243.245:117062:VERBOSE1:setup_main.cc(2868)] Command Line: "C:\Program Files (x86)\Microsoft\EdgeWebView\Application\120.0.2210.133\Installer\setup.exe" --msedgewebview --delete-old-versions --system-level --verbose-logging --on-logon
[13060:13064:0117/190243.245:117062:VERBOSE1:setup_main.cc(2874)] system install is 1
[13060:13064:0117/190243.245:117062:VERBOSE1:installer_state.cc(95)] Install
[13060:13064:0117/190243.245:117062:VERBOSE1:install_util.cc(304)] Windows NT 10.0.22621
[13060:13064:0117/190243.261:117078:VERBOSE1:setup_singleton.cc(67)] SetupSingleton::Acquire entry for 2
[13060:13064:0117/190243.261:117078:VERBOSE1:setup_singleton.cc(157)] SetupSingleton exit_event_mutex acquire begin (5000)
[13060:13064:0117/190243.261:117078:VERBOSE1:setup_singleton.cc(166)] SetupSingleton exit_event_mutex acquire success
[13060:13064:0117/190243.261:117078:VERBOSE1:setup_singleton.cc(171)] SetupSingleton exit_event_mutex signal
[13060:13064:0117/190243.261:117078:VERBOSE1:setup_singleton.cc(175)] SetupSingleton setup_mutex acquire begin (5000)
[13060:13064:0117/190243.261:117078:VERBOSE1:setup_singleton.cc(184)] SetupSingleton setup_mutex acquire success
[13060:13064:0117/190243.261:117078:VERBOSE1:setup_singleton.cc(186)] SetupSingleton exit_event_mutex reset
[13060:13064:0117/190243.261:117078:VERBOSE1:setup_singleton.cc(67)] SetupSingleton::Acquire entry for 1
[13060:13064:0117/190243.261:117078:VERBOSE1:setup_singleton.cc(157)] SetupSingleton exit_event_mutex acquire begin (4999)
[13060:13064:0117/190243.261:117078:VERBOSE1:setup_singleton.cc(166)] SetupSingleton exit_event_mutex acquire success
[13060:13064:0117/190243.261:117078:VERBOSE1:setup_singleton.cc(171)] SetupSingleton exit_event_mutex signal
[13060:13064:0117/190243.261:117078:VERBOSE1:setup_singleton.cc(175)] SetupSingleton setup_mutex acquire begin (4999)
[13060:13064:0117/190243.261:117078:VERBOSE1:setup_singleton.cc(184)] SetupSingleton setup_mutex acquire success
[13060:13064:0117/190243.261:117078:VERBOSE1:setup_singleton.cc(186)] SetupSingleton exit_event_mutex reset
[13060:13064:0117/190243.261:117078:VERBOSE1:installer_state.cc(95)] Install
[13060:13064:0117/190243.261:117078:VERBOSE1:setup_singleton.cc(340)] CoreAndProductSetupSingleton WaitForInterrupt begin (0)
[13060:13064:0117/190243.261:117078:VERBOSE1:setup_singleton.cc(349)] CoreAndProductSetupSingleton WaitForInterrupt timeout
[13060:13064:0117/190243.261:117078:WARNING:delete_old_versions.cc(266)] Attempting to delete stray directory C:\Program Files (x86)\Microsoft\EdgeWebView\Application\120.0.2210.121
[13060:13064:0117/190243.261:117078:WARNING:delete_old_versions.cc(266)] Attempting to delete stray directory C:\Program Files (x86)\Microsoft\EdgeWebView\Application\120.0.2210.91
[13060:13064:0117/190243.261:117078:VERBOSE1:delete_old_versions.cc(473)] Removing broken version dir exe firewall rules under C:\Program Files (x86)\Microsoft\EdgeWebView\Application
[13060:13064:0117/190243.292:117109:VERBOSE1:setup_main.cc(787)] Successfully deleted all old files from --delete-old-versions process.
[13060:13064:0117/190243.292:117109:VERBOSE1:delete_old_versions.cc(525)] Version directories count: 1, full version directories count: 1
[13060:13064:0117/190243.292:117109:VERBOSE1:setup_main.cc(1306)] PruneUnusedCoreVersions ignore(?) C:\Program Files (x86)\Microsoft\EdgeCore\98.0.1108.43
[13060:13064:0117/190243.292:117109:VERBOSE1:setup_main.cc(1306)] PruneUnusedCoreVersions ignore(?) C:\Program Files (x86)\Microsoft\EdgeCore\99.0.1150.39
[13060:13064:0117/190243.292:117109:VERBOSE1:setup_main.cc(1306)] PruneUnusedCoreVersions ignore(?) C:\Program Files (x86)\Microsoft\EdgeCore\99.0.1150.46
[13060:13064:0117/190243.292:117109:VERBOSE1:setup_main.cc(1306)] PruneUnusedCoreVersions ignore(?) C:\Program Files (x86)\Microsoft\EdgeCore\99.0.1150.52
[13060:13064:0117/190243.292:117109:VERBOSE1:setup_main.cc(1306)] PruneUnusedCoreVersions ignore(?) C:\Program Files (x86)\Microsoft\EdgeCore\99.0.1150.55
[13060:13064:0117/190243.292:117109:VERBOSE1:setup_main.cc(1357)] PruneUnusedCoreVersions count=5
[13060:13064:0117/190243.292:117109:VERBOSE1:install_util.cc(273)] Existing version found: 120.0.2210.133
[13060:13064:0117/190243.292:117109:VERBOSE1:setup_main.cc(3060)] NonInstall operation completed. Exit code: 62
