01:18:01 [ERR][      Workbench]: Console redirection failed.
01:18:01 [INF][      Workbench]: Starting up Workbench
01:18:01 [INF][      Workbench]: Current environment:
	Command line: "C:\Program Files\MySQL\MySQL Workbench 8.0\MySQLWorkbench.exe" 
	CurrentDirectory: C:\Program Files\MySQL\MySQL Workbench 8.0
	HasShutdownStarted: False
	OSVersion: Microsoft Windows NT 6.2.9200.0
	SystemDirectory: C:\Windows\system32
	TickCount: 1228444234
	UserInteractive: True
	Version: 4.0.30319.42000
	WorkingSet: 37785600
01:18:01 [INF][      Workbench]: Environment variables:
	COMPUTERNAME = ABHAY-CHANANA
	USERPROFILE = C:\Users\abhay
	HOMEPATH = \Users\abhay
	LOCALAPPDATA = C:\Users\abhay\AppData\Local
	PSModulePath = C:\Program Files\WindowsPowerShell\Modules;C:\Windows\system32\WindowsPowerShell\v1.0\Modules
	PROCESSOR_ARCHITECTURE = AMD64
	Path = C:\Windows\system32;C:\Windows;C:\Windows\System32\Wbem;C:\Windows\System32\WindowsPowerShell\v1.0\;C:\Windows\System32\OpenSSH\;C:\Program Files (x86)\nodejs\;C:\ProgramData\chocolatey\bin;C:\Program Files\MySQL\MySQL Server 8.0\bin;C:\Program Files\MySQL\MySQL Shell 8.0\bin\;C:\Users\abhay\AppData\Local\Programs\Python\Python312\Scripts\;C:\Users\abhay\AppData\Local\Programs\Python\Python312\;C:\Users\abhay\AppData\Local\Programs\Eclipse Adoptium\jdk-17.0.9.9-hotspot\bin;C:\Users\abhay\AppData\Local\Microsoft\WindowsApps;C:\Users\abhay\AppData\Local\Programs\Microsoft VS Code\bin;C:\MinGW\bin;;C:\Users\abhay\AppData\Local\Programs\Hyper\resources\bin;C:\Users\abhay\AppData\Roaming\npm
	CommonProgramFiles(x86) = C:\Program Files (x86)\Common Files
	ProgramFiles(x86) = C:\Program Files (x86)
	PROCESSOR_LEVEL = 23
	EFC_19292 = 1
	LOGONSERVER = \\ABHAY-CHANANA
	PATHEXT = .COM;.EXE;.BAT;.CMD;.VBS;.VBE;.JS;.JSE;.WSF;.WSH;.MSC
	HOMEDRIVE = C:
	SystemRoot = C:\Windows
	ChocolateyInstall = C:\ProgramData\chocolatey
	ChocolateyLastPathUpdate = 133496473158721226
	ALLUSERSPROFILE = C:\ProgramData
	DriverData = C:\Windows\System32\Drivers\DriverData
	APPDATA = C:\Users\abhay\AppData\Roaming
	PROCESSOR_REVISION = 1801
	USERNAME = abhay
	CommonProgramW6432 = C:\Program Files\Common Files
	OneDrive = C:\Users\abhay\OneDrive
	CommonProgramFiles = C:\Program Files\Common Files
	OS = Windows_NT
	USERDOMAIN_ROAMINGPROFILE = ABHAY-CHANANA
	PROCESSOR_IDENTIFIER = AMD64 Family 23 Model 24 Stepping 1, AuthenticAMD
	ComSpec = C:\Windows\system32\cmd.exe
	SESSIONNAME = Console
	USERDOMAIN = ABHAY-CHANANA
	SystemDrive = C:
	TEMP = C:\Users\abhay\AppData\Local\Temp
	ProgramFiles = C:\Program Files
	NUMBER_OF_PROCESSORS = 8
	TMP = C:\Users\abhay\AppData\Local\Temp
	ProgramData = C:\ProgramData
	ProgramW6432 = C:\Program Files
	windir = C:\Windows
	JAVA_HOME = C:\Users\abhay\AppData\Local\Programs\Eclipse Adoptium\jdk-17.0.9.9-hotspot\
	PUBLIC = C:\Users\Public
01:18:01 [INF][      Workbench]: Current version given by meta info is: 8.0.36
01:18:01 [INF][      Workbench]: Exiting as another instance of WB is already running.
01:20:08 [INF][        WQE.net]: Shutting down SQL editor (Local instance MySQL80)
01:20:08 [INF][      Workbench]: Shutting down Workbench
01:20:08 [INF][ mforms managed]: Shutting down mforms wrapper
01:20:08 [INF][      Workbench]: Done
