[2024-01-17 20:07:40] [INFO] 3452 - version=[1.0.0.8]
[2024-01-17 20:07:42] [INFO] 5052 - sensors, on timer callback.
[2024-01-17 20:07:42] [INFO] 5052 - sensors init project=[UA_Nativepush_Win], did=[{a64c65f7-443e-44a9-b63e-cedbb7a93ce2G}], result=[1].
[2024-01-17 20:07:47] [INFO] 3452 - upgrade, check ok! need_upgrade=[0], new_version=[], path=[].
[2024-01-17 20:07:47] [INFO] 3452 - init toast notification.
[2024-01-17 20:07:47] [INFO] 3452 - init db.
[2024-01-17 20:07:47] [INFO] 3452 - init cloud notification manager.
[2024-01-17 20:07:47] [INFO] 3452 - init http service.
[2024-01-17 20:07:47] [INFO] 3452 - init APIs.
[2024-01-17 20:07:47] [INFO] 3452 - http server, start.
[2024-01-17 20:07:47] [INFO] 3452 - http server, listening for connections.
[2024-01-17 20:07:49] [INFO] 11524 - cloud mgr, on timer callback.
[2024-01-17 20:07:49] [INFO] 11524 - cbm, on query msg, pid=[1901], pstatus=[3], uid=[0].
[2024-01-17 20:07:49] [INFO] 11524 - query notification, did=[{a64c65f7-443e-44a9-b63e-cedbb7a93ce2G}], pid=[1901], pver=[1.0.0.0], wsid=[0]
[2024-01-17 20:07:49] [INFO] 11524 - get user token, pid=[1901], pver=[1.0.0.0], sn=[{a64c65f7-443e-44a9-b63e-cedbb7a93ce2G}]
[2024-01-17 20:07:51] [INFO] 14064 - sensors, on timer callback.
[2024-01-17 20:07:51] [INFO] 11524 - cloud mgr, parse notification, count=[0].
[2024-01-17 20:07:51] [INFO] 11524 - cbm, on receive msg, pid=[1901], pstatus=[3], uid=[0], nid=[], err=[0].
[2024-01-17 20:07:53] [INFO] 4184 - sensors, on timer callback.
[2024-01-18 21:49:29] [INFO] 14812 - cloud mgr, on timer callback.
[2024-01-18 21:49:29] [INFO] 14812 - cbm, on query msg, pid=[1901], pstatus=[3], uid=[0].
[2024-01-18 21:49:29] [INFO] 14812 - query notification, did=[{a64c65f7-443e-44a9-b63e-cedbb7a93ce2G}], pid=[1901], pver=[1.0.0.0], wsid=[0]
[2024-01-18 21:49:29] [INFO] 14812 - get user token, pid=[1901], pver=[1.0.0.0], sn=[{a64c65f7-443e-44a9-b63e-cedbb7a93ce2G}]
[2024-01-18 21:49:29] [ERROR] 14812 - http post, failed! url=[https://pc-api.wondershare.cc/v3/user/client/token], code=[6].
[2024-01-18 21:49:29] [ERROR] 14812 - curl error=[6].
[2024-01-18 21:49:29] [WARN] 14812 - switch host=[https://pc-api.300624.com].
[2024-01-18 21:49:29] [ERROR] 14812 - http post, failed! url=[https://pc-api.300624.com/v3/user/client/token], code=[6].
[2024-01-18 21:49:29] [ERROR] 14812 - get usertoken failed! error=[6].
[2024-01-18 21:49:29] [ERROR] 14812 - cloud mgr, parse notification, response:
[2024-01-18 21:49:29] [INFO] 14812 - cbm, on receive msg, pid=[1901], pstatus=[3], uid=[0], nid=[], err=[-1].
[2024-01-18 21:49:31] [INFO] 16296 - sensors, on timer callback.
[2024-01-18 22:19:01] [ERROR] 16296 - sensors flush failed! event=[np_msg_query].
[2024-01-18 22:19:01] [ERROR] 16296 - sensors flush failed! event=[np_msg_query].
[2024-01-19 20:07:47] [INFO] 24972 - cloud mgr, on timer callback.
[2024-01-19 20:07:47] [INFO] 24972 - cbm, on query msg, pid=[1901], pstatus=[3], uid=[0].
[2024-01-19 20:07:47] [INFO] 24972 - query notification, did=[{a64c65f7-443e-44a9-b63e-cedbb7a93ce2G}], pid=[1901], pver=[1.0.0.0], wsid=[0]
[2024-01-19 20:07:47] [INFO] 24972 - get user token, pid=[1901], pver=[1.0.0.0], sn=[{a64c65f7-443e-44a9-b63e-cedbb7a93ce2G}]
[2024-01-19 20:07:49] [INFO] 22444 - sensors, on timer callback.
[2024-01-19 20:07:49] [INFO] 24972 - cloud mgr, parse notification, count=[0].
[2024-01-19 20:07:49] [INFO] 24972 - cbm, on receive msg, pid=[1901], pstatus=[3], uid=[0], nid=[], err=[0].
[2024-01-19 20:07:51] [INFO] 25008 - sensors, on timer callback.
[2024-01-20 20:07:48] [INFO] 18832 - cloud mgr, on timer callback.
[2024-01-20 20:07:48] [INFO] 18832 - cbm, on query msg, pid=[1901], pstatus=[3], uid=[0].
[2024-01-20 20:07:48] [INFO] 18832 - query notification, did=[{a64c65f7-443e-44a9-b63e-cedbb7a93ce2G}], pid=[1901], pver=[1.0.0.0], wsid=[0]
[2024-01-20 20:07:48] [INFO] 18832 - get user token, pid=[1901], pver=[1.0.0.0], sn=[{a64c65f7-443e-44a9-b63e-cedbb7a93ce2G}]
[2024-01-20 20:07:50] [INFO] 13572 - sensors, on timer callback.
[2024-01-20 20:07:51] [INFO] 18832 - cloud mgr, parse notification, count=[0].
[2024-01-20 20:07:51] [INFO] 18832 - cbm, on receive msg, pid=[1901], pstatus=[3], uid=[0], nid=[], err=[0].
[2024-01-20 20:07:52] [INFO] 25220 - sensors, on timer callback.
